update-alternatives 2025-08-13 11:18:47: run with --install /usr/bin/which which /usr/bin/which.debianutils 0 --slave /usr/share/man/man1/which.1.gz which.1.gz /usr/share/man/man1/which.debianutils.1.gz --slave /usr/share/man/de/man1/which.1.gz which.de1.gz /usr/share/man/de/man1/which.debianutils.1.gz --slave /usr/share/man/es/man1/which.1.gz which.es1.gz /usr/share/man/es/man1/which.debianutils.1.gz --slave /usr/share/man/fr/man1/which.1.gz which.fr1.gz /usr/share/man/fr/man1/which.debianutils.1.gz --slave /usr/share/man/it/man1/which.1.gz which.it1.gz /usr/share/man/it/man1/which.debianutils.1.gz --slave /usr/share/man/ja/man1/which.1.gz which.ja1.gz /usr/share/man/ja/man1/which.debianutils.1.gz --slave /usr/share/man/pl/man1/which.1.gz which.pl1.gz /usr/share/man/pl/man1/which.debianutils.1.gz --slave /usr/share/man/sl/man1/which.1.gz which.sl1.gz /usr/share/man/sl/man1/which.debianutils.1.gz
update-alternatives 2025-08-13 11:18:47: run with --remove builtins.7.gz /usr/share/man/man7/bash-builtins.7.gz
update-alternatives 2025-08-13 11:18:47: link group builtins.7.gz fully removed
update-alternatives 2025-08-13 11:18:47: run with --install /usr/share/man/man7/builtins.7.gz builtins.7.gz /usr/share/man/man7/bash-builtins.7.gz 10
update-alternatives 2025-08-13 11:18:47: link group builtins.7.gz updated to point to /usr/share/man/man7/bash-builtins.7.gz
Suspicious connection from fe80::1ff:fe23:4567:890a at 12:32
update-alternatives 2025-08-13 11:19:06: run with --install /etc/mysql/my.cnf my.cnf /etc/mysql/mariadb.cnf 200
update-alternatives 2025-08-13 11:20:24: run with --remove tdbbackup /usr/bin/tdbbackup.tdbtools
update-alternatives 2025-08-13 11:20:24: link group tdbbackup fully removed
update-alternatives 2025-08-13 11:20:25: run with --install /lib/firmware/regulatory.db regulatory.db /lib/firmware/regulatory.db-debian 100 --slave /lib/firmware/regulatory.db.p7s regulatory.db.p7s /lib/firmware/regulatory.db.p7s-debian
update-alternatives 2025-08-13 11:20:25: run with --install /lib/firmware/regulatory.db regulatory.db /lib/firmware/regulatory.db-upstream 50 --slave /lib/firmware/regulatory.db.p7s regulatory.db.p7s /lib/firmware/regulatory.db.p7s-upstream
update-alternatives 2025-08-13 11:20:32: run with --install /usr/bin/unrar unrar /usr/bin/unrar-nonfree 40 --slave /usr/share/man/man1/unrar.1.gz unrar.1.gz /usr/share/man/man1/unrar-nonfree.1.gz
update-alternatives 2025-08-13 11:20:35: run with --install /usr/lib/x86_64-linux-gnu/libblas.so.3 libblas.so.3-x86_64-linux-gnu /usr/lib/x86_64-linux-gnu/blas/libblas.so.3 10
update-alternatives 2025-08-13 11:20:35: run with --install /usr/bin/tdbbackup tdbbackup /usr/bin/tdbbackup.tdbtools 10 --slave /usr/share/man/man8/tdbbackup.8.gz tdbbackup.8.gz /usr/share/man/man8/tdbbackup.tdbtools.8.gz
update-alternatives 2025-08-13 11:20:35: link group tdbbackup updated to point to /usr/bin/tdbbackup.tdbtools
update-alternatives 2025-08-13 11:20:41: run with --install /usr/share/images/vendor-logos vendor-logos /usr/share/images/kali-logos 200 --slave /usr/share/icons/vendor/64x64/emblems/emblem-vendor.png emblem-vendor-64 /usr/share/icons/desktop-base/64x64/emblems/emblem-kali.png --slave /usr/share/icons/vendor/128x128/emblems/emblem-vendor.png emblem-vendor-128 /usr/share/icons/desktop-base/128x128/emblems/emblem-kali.png --slave /usr/share/icons/vendor/256x256/emblems/emblem-vendor.png emblem-vendor-256 /usr/share/icons/desktop-base/256x256/emblems/emblem-kali.png --slave /usr/share/icons/vendor/scalable/emblems/emblem-vendor.svg emblem-vendor-scalable /usr/share/icons/desktop-base/scalable/emblems/emblem-kali.svg
update-alternatives 2025-08-13 11:20:41: run with --install /usr/share/desktop-base/active-theme desktop-theme /usr/share/desktop-base/kali-theme 200
update-alternatives 2025-08-13 11:20:41: run with --install /usr/share/images/desktop-base/desktop-background desktop-background /usr/share/backgrounds/kali-16x9/default 210
update-alternatives 2025-08-13 11:20:41: run with --install /usr/share/images/desktop-base/desktop-background.xml desktop-background.xml /usr/share/desktop-base/kali-theme/wallpaper/gnome-background.xml 210
update-alternatives 2025-08-13 11:20:41: run with --install /usr/share/images/desktop-base/desktop-lockscreen.xml desktop-lockscreen.xml /usr/share/desktop-base/kali-theme/lockscreen/gnome-background.xml 210
update-alternatives 2025-08-13 11:20:41: run with --install /usr/share/wallpapers/DebianTheme desktop-plasma5-wallpaper /usr/share/desktop-base/kali-theme/wallpaper 210
update-alternatives 2025-08-13 11:20:41: run with --install /usr/share/images/desktop-base/login-background.svg desktop-login-background /usr/share/desktop-base/kali-theme/login/background.svg 210
update-alternatives 2025-08-13 11:20:41: run with --install /usr/share/images/desktop-base/desktop-grub.png desktop-grub /usr/share/grub/themes/kali/grub-4x3.png 200 --slave /usr/share/desktop-base/grub_background.sh desktop-grub.sh /usr/share/grub/themes/kali/grub_background.sh
update-alternatives 2025-08-13 11:20:41: run with --install /usr/share/images/desktop-base/desktop-grub.png desktop-grub /usr/share/grub/themes/kali/grub-16x9.png 190 --slave /usr/share/desktop-base/grub_background.sh desktop-grub.sh /usr/share/grub/themes/kali/grub_background.sh
update-alternatives 2025-08-13 11:20:42: run with --install /usr/bin/x-www-browser x-www-browser /usr/bin/firefox-esr 70 --slave /usr/share/man/man1/x-www-browser.1.gz x-www-browser.1.gz /usr/share/man/man1/firefox-esr.1.gz
update-alternatives 2025-08-13 11:20:42: run with --install /usr/bin/gnome-www-browser gnome-www-browser /usr/bin/firefox-esr 70 --slave /usr/share/man/man1/gnome-www-browser.1.gz gnome-www-browser.1.gz /usr/share/man/man1/firefox-esr.1.gz
update-alternatives 2025-08-13 11:20:43: run with --install /usr/lib/x86_64-linux-gnu/liblapack.so.3 liblapack.so.3-x86_64-linux-gnu /usr/lib/x86_64-linux-gnu/lapack/liblapack.so.3 10
update-alternatives 2025-08-13 11:21:03: run with --install /usr/share/icons/default/index.theme x-cursor-theme /usr/share/icons/Adwaita/cursor.theme 90
update-alternatives 2025-08-13 11:21:05: run with --install /usr/bin/x-www-browser x-www-browser /usr/bin/chromium 40
update-alternatives 2025-08-13 11:21:05: run with --install /usr/bin/gnome-www-browser gnome-www-browser /usr/bin/chromium 40
update-alternatives 2025-08-13 11:21:06: run with --install /usr/bin/php php /usr/bin/php8.4 84 --slave /usr/share/man/man1/php.1.gz php.1.gz /usr/share/man/man1/php8.4.1.gz
update-alternatives 2025-08-13 11:21:06: run with --install /usr/bin/phar phar /usr/bin/phar8.4 84 --slave /usr/share/man/man1/phar.1.gz phar.1.gz /usr/share/man/man1/phar8.4.1.gz
update-alternatives 2025-08-13 11:21:06: run with --install /usr/bin/phar.phar phar.phar /usr/bin/phar.phar8.4 84 --slave /usr/share/man/man1/phar.phar.1.gz phar.phar.1.gz /usr/share/man/man1/phar.phar8.4.1.gz

[INFO] Connection from 234.13.53.13 at 0:00
[INFO] Connection from f33f:7b30:721a:bf49:b941:901b:8b26:1fd5 at 1:01
[DEBUG] Normal operation at line 2
[INFO] Connection from 69.212.254.184 at 3:00
[INFO] Connection from 75ff:bf4c:207:e1cc:2b8:fd86:a828:d37f at 4:01
[INFO] Connection from 11d4:e897:d91b:7811:8691:12cb:593c:4d6 at 5:01
[ALERT] Suspicious URL detected: https://update-server.io/index.php
[INFO] Connection from 8c9:5b3e:2278:90fd:228c:ef21:3cff:8499 at 7:01
[INFO] Connection from 243.237.12.65 at 8:00
[DEBUG] Normal operation at line 9
[INFO] Connection from 216.210.137.85 at 10:00
[HASH] File checksum SHA256: ae12bc3cb72ac4eb993a3b1c921b26f96659cb906b8061674c636a31e6353b3d
[WARNING] DNS query for update-server.io at 12:02
[HASH] File checksum SHA1: 049de515f14453cf1b6c9230fcbc4f7f018c654a
[INFO] Connection from 115.196.8.58 at 14:00
[INFO] Connection from 193.69.186.214 at 15:00
[INFO] Connection from 162.73.96.1 at 16:00
[ALERT] Suspicious URL detected: http://phishing.co/update
[DEBUG] Normal operation at line 18
[ALERT] Suspicious URL detected: http://example.net/index.php
[DEBUG] Normal operation at line 20
[INFO] Connection from 192.162.67.179 at 21:00
[HASH] File checksum SHA256: b9b92d187baf6a3bd04bd12bcee9e2768433e4568c78c0fa7382cb94effa7691
[HASH] File checksum SHA1: 7b83da21d028e1f84078c5e324153e6e964fea40
[HASH] File checksum MD5: da4f6b44670e545a8c4d85a0c775c69b
[ALERT] Suspicious URL detected: http://malicious.com/login
[DEBUG] Normal operation at line 26
[HASH] File checksum SHA256: 425ff37bb9bdcc023c04096f10abcdf50bb652fbbcf7bc016101c749bce0cd87
[DEBUG] Normal operation at line 28
[INFO] Connection from 7f44:415e:dcf:9289:27f:7f02:1de3:b161 at 29:01
[HASH] File checksum SHA1: 3a6f50ca1ae557170dd8ab34bfa3b2a2b3948d8e
[ALERT] Suspicious URL detected: http://safe-site.org/index.php
[HASH] File checksum SHA1: 1ba17e7f8b584e78dc9e441c8f6b0f12fde1e8ef
[HASH] File checksum SHA1: 3fce6db855b77fa13acc766ec5bf2d7bf57044ff
[DEBUG] Normal operation at line 34
[DEBUG] Normal operation at line 35
[DEBUG] Normal operation at line 36
[DEBUG] Normal operation at line 37
[HASH] File checksum MD5: 91e92dd08ee9f17719ee5422d8157c68
[HASH] File checksum SHA1: 6005424301d967398fb15483eb836a7f2a8cd009
[DEBUG] Normal operation at line 40
[HASH] File checksum SHA1: 7b8bb4860789ca8a804ee0aff7c0f92451c5c501
[WARNING] DNS query for update-server.io at 42:02
[HASH] File checksum SHA256: 725148160829f307ddc02ae7dbfb8d1c116e15f01029ea947f3e80581940d04f
[INFO] Connection from 2a98:3bce:fe80:d8a7:38f4:5bf3:f24f:a8b6 at 44:01
[ALERT] Suspicious URL detected: https://malicious.com/index.php
[HASH] File checksum SHA1: d1cf94b65e044e636ab3f22746b2859af70c4662
[ALERT] Suspicious URL detected: https://update-server.io/download
[HASH] File checksum SHA1: 97fde1a917dd8ccc88078027fa8982fdab2c024f
[HASH] File checksum SHA1: 5d2207dff0e2d7eaa3229176368532325d5e0808
[DEBUG] Normal operation at line 50
[HASH] File checksum SHA1: 242055be23cf826a27f414292a8fd9471ab7725c
[HASH] File checksum SHA256: d6e4bcf3b0ec1a5369ab7af769b44a4d16d7fdd6a3c85772b2c5cae3577f7574
[HASH] File checksum MD5: b4ca36a8b718a236d2c02ee3998776f3
[HASH] File checksum SHA256: 508e1b3a35cf095e9ce0f4991408edf302197d1ee4453e5a21085ff28ae28956
[HASH] File checksum MD5: efecb957dfd5feed40edf4bb1ac49a60
[HASH] File checksum MD5: a708bde9043e35dfd9e73b8c8d32a571
[HASH] File checksum SHA1: c57558f1a598ceedd61e67775381c9069fa65c8b
[HASH] File checksum SHA256: 3a80fd8e74bc9706cf4a2e1ee9efaf1103d0dc1e2c6ba6ee04ab26c0b5680e28
[INFO] Connection from 8f82:a26d:536c:84c3:8890:e002:559e:baf5 at 59:01
[HASH] File checksum SHA1: 59de8a0f0bd7767bdd63f8de8d0e7011126085e3
[DEBUG] Normal operation at line 61
[HASH] File checksum SHA256: a9ab14e25344541d4fbd1d4a3e185fc6c5316c14c5f0243aff0371e1e52b4c56
[ALERT] Suspicious URL detected: http://phishing.co/index.php
[HASH] File checksum SHA256: e33e1c86cdbd0a1c9c82921d8c0f9b6109309f5b985433b2c7c99138a90ed6d2
[WARNING] DNS query for malicious.com at 65:02
[INFO] Connection from 25.44.90.11 at 66:00
[HASH] File checksum MD5: 403268efefd45f8aa1e8a3977fd22024
[INFO] Connection from c88b:b866:7684:bb9d:9125:fec4:4c06:6c24 at 68:01
[INFO] Connection from 5110:5990:dcb:cd4e:b003:623d:36e:5f10 at 69:01
[HASH] File checksum MD5: 2c0c0a5779b01b2f569aa149dd9cd145
[INFO] Connection from 533f:2127:4f0b:8c60:d1dd:2e98:8be:ce51 at 71:01
[WARNING] DNS query for update-server.io at 72:02
[WARNING] DNS query for malicious.com at 73:02
[DEBUG] Normal operation at line 74
[ALERT] Suspicious URL detected: https://update-server.io/admin
[INFO] Connection from 64.30.68.15 at 76:00
[DEBUG] Normal operation at line 77
[INFO] Connection from 7e12:8bb5:2e59:f9c2:e55f:5061:a3e1:ffbf at 78:01
[INFO] Connection from a627:87a2:7a39:c973:16d3:d3c4:1c9a:9d5a at 79:01
[HASH] File checksum SHA256: aedec692d4279c443bc3733640337f6e331317d223b6ecab67c5f1ebd68f7aea
[ALERT] Suspicious URL detected: https://malicious.com/index.php
[HASH] File checksum MD5: bd67f70030ff718b4c218d7386e11911
[WARNING] DNS query for malicious.com at 83:02
[INFO] Connection from c327:295a:b5ea:a017:beae:4c2:c951:44c1 at 84:01
[INFO] Connection from 209.55.72.95 at 85:00
[INFO] Connection from dca8:189b:1700:69b1:9bf9:5fc3:af2c:f76e at 86:01
[WARNING] DNS query for update-server.io at 87:02
[HASH] File checksum SHA256: 9e362b2fd68ee134b2aa8f0a5225c9ce2eda15c4ab6ec858577a8baae562e392
[WARNING] DNS query for safe-site.org at 89:02
[HASH] File checksum MD5: 1fa402f593a324abf8f137cd8c8b7bdd
[ALERT] Suspicious URL detected: https://example.net/download
[DEBUG] Normal operation at line 92
[INFO] Connection from 187.15.72.237 at 93:00
[INFO] Connection from 5e25:b6f0:db21:c02:b67a:958a:720a:3fff at 94:01
[HASH] File checksum SHA256: 056f8b8819bcd0e43019834a46351176c1039812652769c716ddf75722e753e4
[WARNING] DNS query for example.net at 96:02
[WARNING] DNS query for safe-site.org at 97:02
[INFO] Connection from 100.247.184.137 at 98:00
[HASH] File checksum SHA1: fe6a5312efdc67541035ddbb5b2fa0a5db96f919
